<?xml version="1.0" encoding="UTF-8"?>
<!-- Generated by org.testng.reporters.JUnitXMLReporter -->
<testsuite ignored="2" hostname="hemadev" failures="1" tests="1" name="Test" time="0.013" errors="0" timestamp="2024-06-07T23:07:33 CDT">
  <testcase classname="tests.LoginTest" name="@AfterTest afterTest" time="0.0">
    <failure type="java.lang.NullPointerException" message="Cannot invoke &amp;quot;org.openqa.selenium.WebDriver.quit()&amp;quot; because the return value of &amp;quot;tests.BaseTest.getDriver()&amp;quot; is null">
      <![CDATA[java.lang.NullPointerException: Cannot invoke "org.openqa.selenium.WebDriver.quit()" because the return value of "tests.BaseTest.getDriver()" is null
at tests.LoginTest.afterTest(LoginTest.java:44)
... Removed 22 stack frames]]>
    </failure>
  </testcase> <!-- @AfterTest afterTest -->
  <testcase classname="tests.LoginTest" name="TC02_loginWithValidCredentials" time="0.0">
    <failure type="org.testng.TestNGException" message="
Cannot inject @Test annotated Method [TC02_loginWithValidCredentials] with [class java.lang.String, class java.lang.String].
For more information on native dependency injection please refer to https://testng.org/doc/documentation-main.html#native-dependency-injection">
      <![CDATA[org.testng.TestNGException: 
Cannot inject @Test annotated Method [TC02_loginWithValidCredentials] with [class java.lang.String, class java.lang.String].
For more information on native dependency injection please refer to https://testng.org/doc/documentation-main.html#native-dependency-injection
at java.base/java.util.ArrayList.forEach(ArrayList.java:1596)
... Removed 26 stack frames]]>
    </failure>
  </testcase> <!-- TC02_loginWithValidCredentials -->
  <testcase classname="tests.LoginTest" name="TC03_RememberUserName" time="0.0">
    <ignored/>
  </testcase> <!-- TC03_RememberUserName -->
  <testcase classname="tests.LoginTest" name="TC04_ForgotPasswordA" time="0.0">
    <ignored/>
  </testcase> <!-- TC04_ForgotPasswordA -->
</testsuite> <!-- Test -->
